<?xml version="1.0" encoding="UTF-8"?>
<testng-results ignored="0" total="1" passed="1" failed="0" skipped="0">
  <reporter-output>
  </reporter-output>
  <suite started-at="2020-08-19T15:24:33 IST" name="Default suite" finished-at="2020-08-19T15:24:34 IST" duration-ms="1706">
    <groups>
    </groups>
    <test started-at="2020-08-19T15:24:33 IST" name="Default test" finished-at="2020-08-19T15:24:34 IST" duration-ms="1706">
      <class name="com.qa.test.DeleteAPITest">
        <test-method is-config="true" signature="setup()[pri:0, instance:com.qa.test.DeleteAPITest@79efed2d]" started-at="2020-08-19T15:24:33 IST" name="setup" finished-at="2020-08-19T15:24:33 IST" duration-ms="14" status="PASS">
          <reporter-output>
          </reporter-output>
        </test-method> <!-- setup -->
        <test-method signature="verifyDeleteAPITest()[pri:0, instance:com.qa.test.DeleteAPITest@79efed2d]" started-at="2020-08-19T15:24:33 IST" name="verifyDeleteAPITest" finished-at="2020-08-19T15:24:34 IST" duration-ms="1634" status="PASS">
          <reporter-output>
          </reporter-output>
        </test-method> <!-- verifyDeleteAPITest -->
      </class> <!-- com.qa.test.DeleteAPITest -->
    </test> <!-- Default test -->
  </suite> <!-- Default suite -->
</testng-results>
