<?xml version="1.0" encoding="UTF-8"?>
<!-- Generated by org.testng.reporters.JUnitXMLReporter -->
<testsuite ignored="0" hostname="DESKTOP-3M04LF7" failures="0" tests="9" name="Rest API Tests" time="8.737" errors="0" timestamp="2020-08-19T16:12:01 IST">
  <testcase classname="com.qa.test.GetAPITest" name="verifyGetAPIWithoutHeadersTest" time="1.293"/>
  <testcase classname="com.qa.test.GetAPITest" name="verifyStatusCodeTest" time="0.614"/>
  <testcase classname="com.qa.test.GetAPITest" name="verifyGetJSONResponseData" time="1.35"/>
  <testcase classname="com.qa.test.GetAPITest" name="verifySingleValuesJSONResponseTest" time="0.619"/>
  <testcase classname="com.qa.test.GetAPITest" name="verifyJSONArrayvalues" time="0.623"/>
  <testcase classname="com.qa.test.GetAPITest" name="verifyGetAPITestWithHeaders" time="0.607"/>
  <testcase classname="com.qa.test.PostAPITest" name="postAPITest" time="1.489"/>
  <testcase classname="com.qa.test.PutAPITest" name="putAPTTest" time="1.026"/>
  <testcase classname="com.qa.test.DeleteAPITest" name="verifyDeleteAPITest" time="1.032"/>
</testsuite> <!-- Rest API Tests -->
